<?xml version="1.0" encoding="UTF-8"?>
<!-- Generated by org.testng.reporters.JUnitReportReporter -->
<testsuite skipped="0" hostname="DESKTOP-LVQM92J" name="com.TestNG_Project.Grouping" tests="3" failures="0" timestamp="08 May 2021 02:05:28 GMT" time="0.052" errors="0">
  <testcase name="laptop" time="0.008" classname="com.TestNG_Project.Grouping"/>
  <testcase name="mobile" time="0.015" classname="com.TestNG_Project.Grouping"/>
  <testcase name="earphone" time="0.029" classname="com.TestNG_Project.Grouping"/>
</testsuite> <!-- com.TestNG_Project.Grouping -->
