<?xml version="1.0" encoding="UTF-8"?>
<!-- Generated by org.testng.reporters.JUnitReportReporter -->
<testsuite skipped="0" hostname="DESKTOP-LVQM92J" name="com.TestNG_Project.Data_Provider_Test" tests="3" failures="0" timestamp="08 May 2021 15:20:50 GMT" time="0.038" errors="0">
  <testcase name="credentials" time="0.005" classname="com.TestNG_Project.Data_Provider_Test"/>
  <testcase name="credentials" time="0.028" classname="com.TestNG_Project.Data_Provider_Test"/>
  <testcase name="credentials" time="0.005" classname="com.TestNG_Project.Data_Provider_Test"/>
</testsuite> <!-- com.TestNG_Project.Data_Provider_Test -->
