<?xml version="1.0" encoding="UTF-8"?>
<!-- Generated by org.testng.reporters.JUnitReportReporter -->
<testsuite skipped="0" hostname="DESKTOP-LVQM92J" name="com.TestNG_Project.Simple_Annotations" tests="2" failures="0" timestamp="07 May 2021 15:06:59 GMT" time="0.015" errors="0">
  <testcase name="laptop" time="0.000" classname="com.TestNG_Project.Simple_Annotations"/>
  <testcase name="Mobile" time="0.015" classname="com.TestNG_Project.Simple_Annotations"/>
</testsuite> <!-- com.TestNG_Project.Simple_Annotations -->
