<?xml version="1.0" encoding="UTF-8"?>
<!-- Generated by org.testng.reporters.JUnitReportReporter -->
<testsuite skipped="0" hostname="DESKTOP-LVQM92J" name="com.TestNG_Project.Priority_Concept" tests="4" failures="0" timestamp="07 May 2021 17:47:49 GMT" time="0.045" errors="0">
  <testcase name="laptop" time="0.028" classname="com.TestNG_Project.Priority_Concept"/>
  <testcase name="earphone" time="0.004" classname="com.TestNG_Project.Priority_Concept"/>
  <testcase name="mobile" time="0.006" classname="com.TestNG_Project.Priority_Concept"/>
  <testcase name="book" time="0.007" classname="com.TestNG_Project.Priority_Concept"/>
</testsuite> <!-- com.TestNG_Project.Priority_Concept -->
