<?xml version="1.0" encoding="UTF-8"?>
<!-- Generated by org.testng.reporters.JUnitReportReporter -->
<testsuite skipped="0" hostname="DESKTOP-LVQM92J" name="com.TestNG_Project.Invocation_Count" tests="5" failures="0" timestamp="07 May 2021 18:02:36 GMT" time="0.066" errors="0">
  <testcase name="browserLaunch" time="0.036" classname="com.TestNG_Project.Invocation_Count"/>
  <testcase name="refresh" time="0.007" classname="com.TestNG_Project.Invocation_Count"/>
  <testcase name="refresh" time="0.003" classname="com.TestNG_Project.Invocation_Count"/>
  <testcase name="refresh" time="0.010" classname="com.TestNG_Project.Invocation_Count"/>
  <testcase name="url" time="0.010" classname="com.TestNG_Project.Invocation_Count"/>
</testsuite> <!-- com.TestNG_Project.Invocation_Count -->
