<?xml version="1.0" encoding="UTF-8"?>
<!-- Generated by org.testng.reporters.JUnitReportReporter -->
<testsuite skipped="2" hostname="DESKTOP-LVQM92J" name="com.TestNG_Project.Ignore_Concept" tests="3" failures="0" timestamp="07 May 2021 17:38:34 GMT" time="0.012" errors="0">
  <testcase name="book" time="0.012" classname="com.TestNG_Project.Ignore_Concept"/>
  <testcase name="laptop" classname="com.TestNG_Project.Ignore_Concept">
    <skipped/>
  </testcase> <!-- laptop -->
  <testcase name="mobile" classname="com.TestNG_Project.Ignore_Concept">
    <skipped/>
  </testcase> <!-- mobile -->
</testsuite> <!-- com.TestNG_Project.Ignore_Concept -->
