<?xml version="1.0" encoding="UTF-8"?>
<!-- Generated by org.testng.reporters.JUnitReportReporter -->
<testsuite skipped="0" hostname="DESKTOP-LVQM92J" name="com.TestNG_Project.Parameterized_Test" tests="1" failures="0" timestamp="08 May 2021 15:12:11 GMT" time="0.033" errors="0">
  <testcase name="credentials" time="0.033" classname="com.TestNG_Project.Parameterized_Test"/>
</testsuite> <!-- com.TestNG_Project.Parameterized_Test -->
