<?xml version="1.0" encoding="UTF-8"?>
<!-- Generated by org.testng.reporters.JUnitReportReporter -->
<testsuite skipped="0" hostname="DESKTOP-LVQM92J" name="com.TestNG_Project.TimeOut_Concept" tests="1" failures="0" timestamp="07 May 2021 18:12:06 GMT" time="3.065" errors="1">
  <testcase name="demo" time="3.065" classname="com.TestNG_Project.TimeOut_Concept">
    <error type="org.testng.internal.thread.ThreadTimeoutException" message="Method com.TestNG_Project.TimeOut_Concept.demo() didn&#039;t finish within the time-out 3000">
      <![CDATA[org.testng.internal.thread.ThreadTimeoutException: Method com.TestNG_Project.TimeOut_Concept.demo() didn't finish within the time-out 3000
]]>
    </error>
  </testcase> <!-- demo -->
</testsuite> <!-- com.TestNG_Project.TimeOut_Concept -->
